TN:
SF:utils\cadreemploi-page-fetcher.ts
FN:16,fetchCadreEmploiPage
FN:42,(anonymous_10)
FNF:2
FNH:1
FNDA:5,fetchCadreEmploiPage
FNDA:0,(anonymous_10)
DA:11,1
DA:16,1
DA:20,5
DA:21,5
DA:22,4
DA:23,1
DA:26,3
DA:27,3
DA:28,3
DA:29,2
DA:30,1
DA:32,1
DA:34,1
DA:35,1
DA:39,0
DA:41,0
DA:42,0
DA:43,0
DA:47,0
DA:52,0
DA:53,0
DA:55,0
DA:56,0
DA:58,0
DA:59,0
DA:60,0
DA:62,0
DA:64,0
DA:65,0
DA:67,0
LF:30
LH:14
BRDA:20,0,0,5
BRDA:20,0,1,0
BRDA:21,1,0,1
BRDA:21,1,1,4
BRDA:22,2,0,1
BRDA:22,2,1,3
BRDA:26,3,0,3
BRDA:26,3,1,0
BRDA:29,4,0,1
BRDA:29,4,1,1
BRDA:29,5,0,2
BRDA:29,5,1,2
BRDA:34,6,0,1
BRDA:34,6,1,0
BRDA:45,7,0,0
BRDA:45,7,1,0
BRDA:59,8,0,0
BRDA:59,8,1,0
BRDA:59,9,0,0
BRDA:59,9,1,0
BRDA:64,10,0,0
BRDA:64,10,1,0
BRDA:67,11,0,0
BRDA:67,11,1,0
BRF:24
BRH:11
end_of_record
TN:
SF:utils\electron-html-fetcher.ts
FN:14,createElectronHtmlFetcher
FN:17,(anonymous_1)
FNF:2
FNH:2
FNDA:4,createElectronHtmlFetcher
FNDA:2,(anonymous_1)
DA:14,2
DA:15,4
DA:16,4
DA:18,2
DA:19,2
DA:20,2
DA:21,2
DA:22,1
DA:24,1
LF:9
LH:9
BRDA:15,0,0,4
BRDA:15,0,1,0
BRDA:18,1,0,2
BRDA:18,1,1,0
BRDA:21,2,0,1
BRDA:21,2,1,1
BRF:6
BRH:4
end_of_record
TN:
SF:utils\electron-packaged.ts
FN:9,isElectronPackaged
FNF:1
FNH:1
FNDA:8,isElectronPackaged
DA:9,2
DA:10,8
DA:11,8
LF:3
LH:3
BRDA:11,0,0,8
BRDA:11,0,1,5
BRF:2
BRH:2
end_of_record
TN:
SF:utils\env-html-fetcher.ts
FN:14,getLinkedInHtmlFetcherForEnv
FN:23,getCadreEmploiHtmlFetcherForEnv
FNF:2
FNH:2
FNDA:3,getLinkedInHtmlFetcherForEnv
FNDA:2,getCadreEmploiHtmlFetcherForEnv
DA:8,1
DA:9,1
DA:14,1
DA:15,3
DA:16,1
DA:17,1
DA:23,1
DA:24,2
DA:25,1
DA:26,1
LF:10
LH:10
BRDA:15,0,0,2
BRDA:15,0,1,1
BRDA:24,1,0,1
BRDA:24,1,1,1
BRF:4
BRH:4
end_of_record
TN:
SF:utils\linkedin-page-fetcher.ts
FN:30,normalizeTextPreserveLines
FN:43,splitOfferAndCompany
FN:69,extractFromLinkedInHtml
FN:88,(anonymous_12)
FN:159,fetchLinkedinJobPage
FN:192,(anonymous_14)
FN:224,(anonymous_15)
FN:268,clickFirstVisible
FN:287,clickInAllFrames
FN:308,closeLinkedInPopup
FN:325,clickFirstByRegexText
FN:330,(anonymous_20)
FN:353,extractJobDescription
FN:356,(anonymous_22)
FN:364,(anonymous_23)
FN:384,(anonymous_24)
FN:403,extractCompanySection
FN:406,(anonymous_26)
FN:407,(anonymous_27)
FN:451,(anonymous_28)
FNF:20
FNH:4
FNDA:5,normalizeTextPreserveLines
FNDA:1,splitOfferAndCompany
FNDA:1,extractFromLinkedInHtml
FNDA:0,(anonymous_12)
FNDA:3,fetchLinkedinJobPage
FNDA:0,(anonymous_14)
FNDA:0,(anonymous_15)
FNDA:0,clickFirstVisible
FNDA:0,clickInAllFrames
FNDA:0,closeLinkedInPopup
FNDA:0,clickFirstByRegexText
FNDA:0,(anonymous_20)
FNDA:0,extractJobDescription
FNDA:0,(anonymous_22)
FNDA:0,(anonymous_23)
FNDA:0,(anonymous_24)
FNDA:0,extractCompanySection
FNDA:0,(anonymous_26)
FNDA:0,(anonymous_27)
FNDA:0,(anonymous_28)
DA:8,1
DA:14,1
DA:31,5
DA:32,4
DA:39,4
DA:40,4
DA:44,1
DA:45,1
DA:46,1
DA:53,1
DA:54,1
DA:55,1
DA:56,5
DA:57,5
DA:59,1
DA:60,1
DA:70,1
DA:71,1
DA:78,1
DA:79,1
DA:80,5
DA:81,5
DA:82,1
DA:83,1
DA:86,1
DA:87,1
DA:88,1
DA:89,1
DA:91,1
DA:92,0
DA:93,0
DA:94,0
DA:95,0
DA:96,0
DA:97,0
DA:101,0
DA:102,0
DA:107,1
DA:114,1
DA:115,1
DA:116,5
DA:117,5
DA:118,0
DA:119,0
DA:120,0
DA:126,0
DA:127,0
DA:130,1
DA:131,1
DA:134,1
DA:135,0
DA:136,0
DA:142,0
DA:143,0
DA:148,1
DA:159,1
DA:163,3
DA:164,3
DA:165,2
DA:166,1
DA:169,1
DA:170,1
DA:171,1
DA:172,1
DA:173,1
DA:174,1
DA:175,1
DA:176,1
DA:177,0
DA:182,1
DA:184,0
DA:185,0
DA:189,0
DA:191,0
DA:192,0
DA:193,0
DA:197,0
DA:202,0
DA:203,0
DA:205,0
DA:206,0
DA:208,0
DA:209,0
DA:216,0
DA:217,0
DA:219,0
DA:221,0
DA:222,0
DA:224,0
DA:226,0
DA:229,0
DA:231,0
DA:233,0
DA:240,0
DA:243,0
DA:244,0
DA:246,0
DA:247,0
DA:248,0
DA:249,0
DA:251,0
DA:252,0
DA:253,0
DA:259,0
DA:261,0
DA:262,0
DA:264,0
DA:272,0
DA:273,0
DA:274,0
DA:275,0
DA:276,0
DA:277,0
DA:278,0
DA:284,0
DA:291,0
DA:292,0
DA:293,0
DA:294,0
DA:295,0
DA:296,0
DA:297,0
DA:298,0
DA:305,0
DA:314,0
DA:315,0
DA:316,0
DA:317,0
DA:318,0
DA:319,0
DA:321,0
DA:322,0
DA:329,0
DA:331,0
DA:332,0
DA:333,0
DA:334,0
DA:335,0
DA:336,0
DA:338,0
DA:342,0
DA:343,0
DA:344,0
DA:347,0
DA:356,0
DA:357,0
DA:364,0
DA:365,0
DA:366,0
DA:367,0
DA:374,0
DA:375,0
DA:376,0
DA:377,0
DA:378,0
DA:379,0
DA:380,0
DA:383,0
DA:384,0
DA:385,0
DA:387,0
DA:388,0
DA:389,0
DA:390,0
DA:391,0
DA:392,0
DA:396,0
DA:398,0
DA:400,0
DA:406,0
DA:407,0
DA:408,0
DA:409,0
DA:410,0
DA:417,0
DA:424,0
DA:425,0
DA:426,0
DA:427,0
DA:428,0
DA:429,0
DA:435,0
DA:437,0
DA:440,0
DA:441,0
DA:442,0
DA:443,0
DA:449,0
DA:451,0
DA:452,0
DA:453,0
DA:454,0
DA:455,0
DA:461,0
DA:462,0
DA:463,0
DA:464,0
DA:466,0
DA:468,0
DA:470,0
LF:200
LH:52
BRDA:31,0,0,1
BRDA:31,0,1,4
BRDA:31,1,0,5
BRDA:31,1,1,4
BRDA:45,2,0,0
BRDA:45,2,1,1
BRDA:57,3,0,1
BRDA:57,3,1,4
BRDA:57,4,0,5
BRDA:57,4,1,1
BRDA:57,4,2,0
BRDA:59,5,0,0
BRDA:59,5,1,1
BRDA:82,6,0,1
BRDA:82,6,1,0
BRDA:82,7,0,0
BRDA:82,7,1,0
BRDA:83,8,0,1
BRDA:83,8,1,0
BRDA:87,9,0,1
BRDA:87,9,1,0
BRDA:89,10,0,1
BRDA:89,10,1,0
BRDA:91,11,0,0
BRDA:91,11,1,1
BRDA:95,12,0,0
BRDA:95,12,1,0
BRDA:96,13,0,0
BRDA:96,13,1,0
BRDA:96,14,0,0
BRDA:96,14,1,0
BRDA:97,15,0,0
BRDA:97,15,1,0
BRDA:98,16,0,0
BRDA:98,16,1,0
BRDA:117,17,0,5
BRDA:117,17,1,0
BRDA:118,18,0,0
BRDA:118,18,1,0
BRDA:118,18,2,0
BRDA:119,19,0,0
BRDA:119,19,1,0
BRDA:120,20,0,0
BRDA:120,20,1,0
BRDA:121,21,0,0
BRDA:121,21,1,0
BRDA:121,21,2,0
BRDA:121,21,3,0
BRDA:130,22,0,1
BRDA:130,22,1,0
BRDA:135,23,0,0
BRDA:135,23,1,0
BRDA:135,23,2,0
BRDA:136,24,0,0
BRDA:136,24,1,0
BRDA:137,25,0,0
BRDA:137,25,1,0
BRDA:137,25,2,0
BRDA:137,25,3,0
BRDA:137,25,4,0
BRDA:163,26,0,3
BRDA:163,26,1,0
BRDA:164,27,0,1
BRDA:164,27,1,2
BRDA:165,28,0,1
BRDA:165,28,1,1
BRDA:169,29,0,1
BRDA:169,29,1,0
BRDA:174,30,0,0
BRDA:174,30,1,1
BRDA:175,31,0,1
BRDA:175,31,1,1
BRDA:176,32,0,0
BRDA:176,32,1,1
BRDA:176,33,0,1
BRDA:176,33,1,0
BRDA:184,34,0,0
BRDA:184,34,1,0
BRDA:195,35,0,0
BRDA:195,35,1,0
BRDA:216,36,0,0
BRDA:216,36,1,0
BRDA:226,37,0,0
BRDA:226,37,1,0
BRDA:226,37,2,0
BRDA:229,38,0,0
BRDA:229,38,1,0
BRDA:240,39,0,0
BRDA:240,39,1,0
BRDA:249,40,0,0
BRDA:249,40,1,0
BRDA:251,41,0,0
BRDA:251,41,1,0
BRDA:252,42,0,0
BRDA:252,42,1,0
BRDA:252,43,0,0
BRDA:252,43,1,0
BRDA:261,44,0,0
BRDA:261,44,1,0
BRDA:264,45,0,0
BRDA:264,45,1,0
BRDA:274,46,0,0
BRDA:274,46,1,0
BRDA:276,47,0,0
BRDA:276,47,1,0
BRDA:294,48,0,0
BRDA:294,48,1,0
BRDA:296,49,0,0
BRDA:296,49,1,0
BRDA:316,50,0,0
BRDA:316,50,1,0
BRDA:318,51,0,0
BRDA:318,51,1,0
BRDA:334,52,0,0
BRDA:334,52,1,0
BRDA:338,53,0,0
BRDA:338,53,1,0
BRDA:338,53,2,0
BRDA:338,53,3,0
BRDA:342,54,0,0
BRDA:342,54,1,0
BRDA:342,55,0,0
BRDA:342,55,1,0
BRDA:368,56,0,0
BRDA:368,56,1,0
BRDA:368,56,2,0
BRDA:368,56,3,0
BRDA:378,57,0,0
BRDA:378,57,1,0
BRDA:379,58,0,0
BRDA:379,58,1,0
BRDA:379,59,0,0
BRDA:379,59,1,0
BRDA:380,60,0,0
BRDA:380,60,1,0
BRDA:383,61,0,0
BRDA:383,61,1,0
BRDA:385,62,0,0
BRDA:385,62,1,0
BRDA:390,63,0,0
BRDA:390,63,1,0
BRDA:390,64,0,0
BRDA:390,64,1,0
BRDA:391,65,0,0
BRDA:391,65,1,0
BRDA:391,66,0,0
BRDA:391,66,1,0
BRDA:392,67,0,0
BRDA:392,67,1,0
BRDA:393,68,0,0
BRDA:393,68,1,0
BRDA:411,69,0,0
BRDA:411,69,1,0
BRDA:411,69,2,0
BRDA:411,69,3,0
BRDA:426,70,0,0
BRDA:426,70,1,0
BRDA:426,71,0,0
BRDA:426,71,1,0
BRDA:427,72,0,0
BRDA:427,72,1,0
BRDA:427,72,2,0
BRDA:428,73,0,0
BRDA:428,73,1,0
BRDA:429,74,0,0
BRDA:429,74,1,0
BRDA:430,75,0,0
BRDA:430,75,1,0
BRDA:430,75,2,0
BRDA:430,75,3,0
BRDA:441,76,0,0
BRDA:441,76,1,0
BRDA:442,77,0,0
BRDA:442,77,1,0
BRDA:442,77,2,0
BRDA:443,78,0,0
BRDA:443,78,1,0
BRDA:444,79,0,0
BRDA:444,79,1,0
BRDA:444,79,2,0
BRDA:444,79,3,0
BRDA:444,79,4,0
BRDA:452,80,0,0
BRDA:452,80,1,0
BRDA:452,81,0,0
BRDA:452,81,1,0
BRDA:454,82,0,0
BRDA:454,82,1,0
BRDA:454,82,2,0
BRDA:455,83,0,0
BRDA:455,83,1,0
BRDA:456,84,0,0
BRDA:456,84,1,0
BRDA:456,84,2,0
BRDA:456,84,3,0
BRDA:456,84,4,0
BRDA:462,85,0,0
BRDA:462,85,1,0
BRDA:464,86,0,0
BRDA:464,86,1,0
BRF:200
BRH:28
end_of_record
