TN:
SF:utils\appeler-mistral.ts
FN:26,sleep
FN:27,(anonymous_1)
FN:36,appelerMistral
FN:61,(anonymous_3)
FNF:4
FNH:3
FNDA:3,sleep
FNDA:3,(anonymous_1)
FNDA:6,appelerMistral
FNDA:0,(anonymous_3)
DA:5,8
DA:6,8
DA:16,8
DA:17,8
DA:20,8
DA:22,8
DA:24,8
DA:27,3
DA:36,8
DA:43,6
DA:44,6
DA:45,6
DA:46,1
DA:49,5
DA:58,5
DA:59,5
DA:60,8
DA:61,8
DA:63,8
DA:64,8
DA:74,4
DA:76,4
DA:81,4
DA:82,1
DA:83,1
DA:84,1
DA:87,3
DA:88,3
DA:89,1
DA:91,2
DA:93,4
DA:94,4
DA:96,4
DA:103,4
DA:104,3
DA:105,3
DA:108,1
DA:109,1
DA:111,1
DA:116,1
DA:120,0
DA:121,0
DA:122,0
LF:43
LH:40
BRDA:43,0,0,6
BRDA:43,0,1,0
BRDA:44,1,0,6
BRDA:44,1,1,0
BRDA:45,2,0,1
BRDA:45,2,1,5
BRDA:81,3,0,1
BRDA:81,3,1,3
BRDA:83,4,0,1
BRDA:83,4,1,0
BRDA:83,4,2,0
BRDA:88,5,0,1
BRDA:88,5,1,2
BRDA:94,6,0,4
BRDA:94,6,1,0
BRDA:96,7,0,4
BRDA:96,7,1,4
BRDA:96,7,2,0
BRDA:96,7,3,0
BRDA:96,7,4,0
BRDA:96,7,5,0
BRDA:103,8,0,3
BRDA:103,8,1,1
BRDA:103,9,0,4
BRDA:103,9,1,3
BRDA:108,10,0,0
BRDA:108,10,1,1
BRDA:111,11,0,0
BRDA:111,11,1,1
BRDA:113,12,0,1
BRDA:113,12,1,0
BRDA:120,13,0,0
BRDA:120,13,1,0
BRDA:126,14,0,0
BRDA:126,14,1,0
BRF:35
BRH:19
end_of_record
TN:
SF:utils\parametres-mistral.ts
FN:18,lireMistral
FN:39,ecrireMistral
FNF:2
FNH:2
FNDA:9,lireMistral
FNDA:4,ecrireMistral
DA:6,15
DA:18,15
DA:19,9
DA:20,9
DA:21,9
DA:22,6
DA:23,6
DA:24,6
DA:25,4
DA:27,6
DA:28,6
DA:39,15
DA:40,4
DA:41,4
DA:42,4
DA:43,4
DA:44,2
DA:46,4
DA:49,4
LF:19
LH:19
BRDA:21,0,0,3
BRDA:21,0,1,6
BRDA:24,1,0,4
BRDA:24,1,1,2
BRDA:30,2,0,6
BRDA:30,2,1,2
BRDA:40,3,0,4
BRDA:40,3,1,0
BRDA:41,4,0,4
BRDA:41,4,1,3
BRDA:43,5,0,2
BRDA:43,5,1,2
BRDA:43,6,0,4
BRDA:43,6,1,2
BRDA:43,6,2,2
BRDA:47,7,0,4
BRDA:47,7,1,1
BRF:17
BRH:16
end_of_record
